[2024-03-03 18:27:44,849] INFO [Controller id=1 epoch=6] Sending UpdateMetadata request to brokers HashSet() for 0 partitions (state.change.logger)
[2024-03-04 09:39:08,105] INFO [Controller id=1 epoch=7] Sending UpdateMetadata request to brokers HashSet(1) for 0 partitions (state.change.logger)
[2024-03-04 09:39:08,136] INFO [Controller id=1 epoch=7] Sending LeaderAndIsr request to broker 1 with 54 become-leader and 0 become-follower partitions (state.change.logger)
[2024-03-04 09:39:08,139] INFO [Controller id=1 epoch=7] Sending UpdateMetadata request to brokers HashSet(1) for 54 partitions (state.change.logger)
[2024-03-04 09:39:08,299] INFO [Broker id=1] Handling LeaderAndIsr request correlationId 1 from controller 1 for 54 partitions (state.change.logger)
[2024-03-04 09:39:08,326] INFO [Broker id=1] Stopped fetchers as part of LeaderAndIsr request correlationId 1 from controller 1 epoch 7 as part of the become-leader transition for 54 partitions (state.change.logger)
[2024-03-04 09:39:08,342] INFO [Broker id=1] Leader __consumer_offsets-3 with topic id Some(g0e9KYGlRzOFZpU1OQkQqg) starts at leader epoch 0 from offset 0 with partition epoch 0, high watermark 0, ISR [1], adding replicas [] and removing replicas [] . Previous leader None and previous leader epoch was -1. (state.change.logger)
[2024-03-04 09:39:08,347] INFO [Broker id=1] Leader __consumer_offsets-18 with topic id Some(g0e9KYGlRzOFZpU1OQkQqg) starts at leader epoch 0 from offset 0 with partition epoch 0, high watermark 0, ISR [1], adding replicas [] and removing replicas [] . Previous leader None and previous leader epoch was -1. (state.change.logger)
[2024-03-04 09:39:08,350] INFO [Broker id=1] Leader __consumer_offsets-41 with topic id Some(g0e9KYGlRzOFZpU1OQkQqg) starts at leader epoch 0 from offset 0 with partition epoch 0, high watermark 0, ISR [1], adding replicas [] and removing replicas [] . Previous leader None and previous leader epoch was -1. (state.change.logger)
[2024-03-04 09:39:08,353] INFO [Broker id=1] Leader __consumer_offsets-10 with topic id Some(g0e9KYGlRzOFZpU1OQkQqg) starts at leader epoch 0 from offset 0 with partition epoch 0, high watermark 0, ISR [1], adding replicas [] and removing replicas [] . Previous leader None and previous leader epoch was -1. (state.change.logger)
[2024-03-04 09:39:08,355] INFO [Broker id=1] Leader __consumer_offsets-33 with topic id Some(g0e9KYGlRzOFZpU1OQkQqg) starts at leader epoch 0 from offset 3 with partition epoch 0, high watermark 3, ISR [1], adding replicas [] and removing replicas [] . Previous leader None and previous leader epoch was -1. (state.change.logger)
[2024-03-04 09:39:08,356] INFO [Broker id=1] Leader __consumer_offsets-48 with topic id Some(g0e9KYGlRzOFZpU1OQkQqg) starts at leader epoch 0 from offset 0 with partition epoch 0, high watermark 0, ISR [1], adding replicas [] and removing replicas [] . Previous leader None and previous leader epoch was -1. (state.change.logger)
[2024-03-04 09:39:08,358] INFO [Broker id=1] Leader __consumer_offsets-19 with topic id Some(g0e9KYGlRzOFZpU1OQkQqg) starts at leader epoch 0 from offset 3 with partition epoch 0, high watermark 3, ISR [1], adding replicas [] and removing replicas [] . Previous leader None and previous leader epoch was -1. (state.change.logger)
[2024-03-04 09:39:08,358] INFO [Broker id=1] Leader __consumer_offsets-34 with topic id Some(g0e9KYGlRzOFZpU1OQkQqg) starts at leader epoch 0 from offset 0 with partition epoch 0, high watermark 0, ISR [1], adding replicas [] and removing replicas [] . Previous leader None and previous leader epoch was -1. (state.change.logger)
[2024-03-04 09:39:08,362] INFO [Broker id=1] Leader __consumer_offsets-4 with topic id Some(g0e9KYGlRzOFZpU1OQkQqg) starts at leader epoch 0 from offset 0 with partition epoch 0, high watermark 0, ISR [1], adding replicas [] and removing replicas [] . Previous leader None and previous leader epoch was -1. (state.change.logger)
[2024-03-04 09:39:08,364] INFO [Broker id=1] Leader __consumer_offsets-11 with topic id Some(g0e9KYGlRzOFZpU1OQkQqg) starts at leader epoch 0 from offset 0 with partition epoch 0, high watermark 0, ISR [1], adding replicas [] and removing replicas [] . Previous leader None and previous leader epoch was -1. (state.change.logger)
[2024-03-04 09:39:08,367] INFO [Broker id=1] Leader __consumer_offsets-26 with topic id Some(g0e9KYGlRzOFZpU1OQkQqg) starts at leader epoch 0 from offset 0 with partition epoch 0, high watermark 0, ISR [1], adding replicas [] and removing replicas [] . Previous leader None and previous leader epoch was -1. (state.change.logger)
[2024-03-04 09:39:08,369] INFO [Broker id=1] Leader __consumer_offsets-49 with topic id Some(g0e9KYGlRzOFZpU1OQkQqg) starts at leader epoch 0 from offset 0 with partition epoch 0, high watermark 0, ISR [1], adding replicas [] and removing replicas [] . Previous leader None and previous leader epoch was -1. (state.change.logger)
[2024-03-04 09:39:08,372] INFO [Broker id=1] Leader __consumer_offsets-39 with topic id Some(g0e9KYGlRzOFZpU1OQkQqg) starts at leader epoch 0 from offset 0 with partition epoch 0, high watermark 0, ISR [1], adding replicas [] and removing replicas [] . Previous leader None and previous leader epoch was -1. (state.change.logger)
[2024-03-04 09:39:08,375] INFO [Broker id=1] Leader __consumer_offsets-9 with topic id Some(g0e9KYGlRzOFZpU1OQkQqg) starts at leader epoch 0 from offset 3 with partition epoch 0, high watermark 3, ISR [1], adding replicas [] and removing replicas [] . Previous leader None and previous leader epoch was -1. (state.change.logger)
[2024-03-04 09:39:08,375] INFO [Broker id=1] Leader __consumer_offsets-24 with topic id Some(g0e9KYGlRzOFZpU1OQkQqg) starts at leader epoch 0 from offset 3 with partition epoch 0, high watermark 3, ISR [1], adding replicas [] and removing replicas [] . Previous leader None and previous leader epoch was -1. (state.change.logger)
[2024-03-04 09:39:08,376] INFO [Broker id=1] Leader __consumer_offsets-31 with topic id Some(g0e9KYGlRzOFZpU1OQkQqg) starts at leader epoch 0 from offset 0 with partition epoch 0, high watermark 0, ISR [1], adding replicas [] and removing replicas [] . Previous leader None and previous leader epoch was -1. (state.change.logger)
[2024-03-04 09:39:08,379] INFO [Broker id=1] Leader __consumer_offsets-46 with topic id Some(g0e9KYGlRzOFZpU1OQkQqg) starts at leader epoch 0 from offset 0 with partition epoch 0, high watermark 0, ISR [1], adding replicas [] and removing replicas [] . Previous leader None and previous leader epoch was -1. (state.change.logger)
[2024-03-04 09:39:08,381] INFO [Broker id=1] Leader __consumer_offsets-1 with topic id Some(g0e9KYGlRzOFZpU1OQkQqg) starts at leader epoch 0 from offset 0 with partition epoch 0, high watermark 0, ISR [1], adding replicas [] and removing replicas [] . Previous leader None and previous leader epoch was -1. (state.change.logger)
[2024-03-04 09:39:08,383] INFO [Broker id=1] Leader __consumer_offsets-16 with topic id Some(g0e9KYGlRzOFZpU1OQkQqg) starts at leader epoch 0 from offset 0 with partition epoch 0, high watermark 0, ISR [1], adding replicas [] and removing replicas [] . Previous leader None and previous leader epoch was -1. (state.change.logger)
[2024-03-04 09:39:08,386] INFO [Broker id=1] Leader mytopix-0 with topic id Some(QURTo1OMR_ezwi__s8Bfmw) starts at leader epoch 0 from offset 0 with partition epoch 0, high watermark 0, ISR [1], adding replicas [] and removing replicas [] . Previous leader None and previous leader epoch was -1. (state.change.logger)
[2024-03-04 09:39:08,388] INFO [Broker id=1] Leader __consumer_offsets-2 with topic id Some(g0e9KYGlRzOFZpU1OQkQqg) starts at leader epoch 0 from offset 0 with partition epoch 0, high watermark 0, ISR [1], adding replicas [] and removing replicas [] . Previous leader None and previous leader epoch was -1. (state.change.logger)
[2024-03-04 09:39:08,390] INFO [Broker id=1] Leader __consumer_offsets-25 with topic id Some(g0e9KYGlRzOFZpU1OQkQqg) starts at leader epoch 0 from offset 0 with partition epoch 0, high watermark 0, ISR [1], adding replicas [] and removing replicas [] . Previous leader None and previous leader epoch was -1. (state.change.logger)
[2024-03-04 09:39:08,392] INFO [Broker id=1] Leader __consumer_offsets-40 with topic id Some(g0e9KYGlRzOFZpU1OQkQqg) starts at leader epoch 0 from offset 0 with partition epoch 0, high watermark 0, ISR [1], adding replicas [] and removing replicas [] . Previous leader None and previous leader epoch was -1. (state.change.logger)
[2024-03-04 09:39:08,396] INFO [Broker id=1] Leader mytopic-0 with topic id Some(aluQj2owQA2mgXGPQrTbSQ) starts at leader epoch 0 from offset 266 with partition epoch 0, high watermark 266, ISR [1], adding replicas [] and removing replicas [] . Previous leader None and previous leader epoch was -1. (state.change.logger)
[2024-03-04 09:39:08,396] INFO [Broker id=1] Leader __consumer_offsets-47 with topic id Some(g0e9KYGlRzOFZpU1OQkQqg) starts at leader epoch 0 from offset 0 with partition epoch 0, high watermark 0, ISR [1], adding replicas [] and removing replicas [] . Previous leader None and previous leader epoch was -1. (state.change.logger)
[2024-03-04 09:39:08,399] INFO [Broker id=1] Leader __consumer_offsets-17 with topic id Some(g0e9KYGlRzOFZpU1OQkQqg) starts at leader epoch 0 from offset 0 with partition epoch 0, high watermark 0, ISR [1], adding replicas [] and removing replicas [] . Previous leader None and previous leader epoch was -1. (state.change.logger)
[2024-03-04 09:39:08,401] INFO [Broker id=1] Leader __consumer_offsets-32 with topic id Some(g0e9KYGlRzOFZpU1OQkQqg) starts at leader epoch 0 from offset 0 with partition epoch 0, high watermark 0, ISR [1], adding replicas [] and removing replicas [] . Previous leader None and previous leader epoch was -1. (state.change.logger)
[2024-03-04 09:39:08,403] INFO [Broker id=1] Leader __consumer_offsets-37 with topic id Some(g0e9KYGlRzOFZpU1OQkQqg) starts at leader epoch 0 from offset 0 with partition epoch 0, high watermark 0, ISR [1], adding replicas [] and removing replicas [] . Previous leader None and previous leader epoch was -1. (state.change.logger)
[2024-03-04 09:39:08,405] INFO [Broker id=1] Leader __consumer_offsets-7 with topic id Some(g0e9KYGlRzOFZpU1OQkQqg) starts at leader epoch 0 from offset 0 with partition epoch 0, high watermark 0, ISR [1], adding replicas [] and removing replicas [] . Previous leader None and previous leader epoch was -1. (state.change.logger)
[2024-03-04 09:39:08,407] INFO [Broker id=1] Leader __consumer_offsets-22 with topic id Some(g0e9KYGlRzOFZpU1OQkQqg) starts at leader epoch 0 from offset 0 with partition epoch 0, high watermark 0, ISR [1], adding replicas [] and removing replicas [] . Previous leader None and previous leader epoch was -1. (state.change.logger)
[2024-03-04 09:39:08,410] INFO [Broker id=1] Leader __consumer_offsets-29 with topic id Some(g0e9KYGlRzOFZpU1OQkQqg) starts at leader epoch 0 from offset 0 with partition epoch 0, high watermark 0, ISR [1], adding replicas [] and removing replicas [] . Previous leader None and previous leader epoch was -1. (state.change.logger)
[2024-03-04 09:39:08,413] INFO [Broker id=1] Leader __consumer_offsets-44 with topic id Some(g0e9KYGlRzOFZpU1OQkQqg) starts at leader epoch 0 from offset 0 with partition epoch 0, high watermark 0, ISR [1], adding replicas [] and removing replicas [] . Previous leader None and previous leader epoch was -1. (state.change.logger)
[2024-03-04 09:39:08,417] INFO [Broker id=1] Leader __consumer_offsets-14 with topic id Some(g0e9KYGlRzOFZpU1OQkQqg) starts at leader epoch 0 from offset 3 with partition epoch 0, high watermark 3, ISR [1], adding replicas [] and removing replicas [] . Previous leader None and previous leader epoch was -1. (state.change.logger)
[2024-03-04 09:39:08,418] INFO [Broker id=1] Leader __consumer_offsets-23 with topic id Some(g0e9KYGlRzOFZpU1OQkQqg) starts at leader epoch 0 from offset 0 with partition epoch 0, high watermark 0, ISR [1], adding replicas [] and removing replicas [] . Previous leader None and previous leader epoch was -1. (state.change.logger)
[2024-03-04 09:39:08,420] INFO [Broker id=1] Leader __consumer_offsets-38 with topic id Some(g0e9KYGlRzOFZpU1OQkQqg) starts at leader epoch 0 from offset 0 with partition epoch 0, high watermark 0, ISR [1], adding replicas [] and removing replicas [] . Previous leader None and previous leader epoch was -1. (state.change.logger)
[2024-03-04 09:39:08,422] INFO [Broker id=1] Leader __consumer_offsets-8 with topic id Some(g0e9KYGlRzOFZpU1OQkQqg) starts at leader epoch 0 from offset 3 with partition epoch 0, high watermark 3, ISR [1], adding replicas [] and removing replicas [] . Previous leader None and previous leader epoch was -1. (state.change.logger)
[2024-03-04 09:39:08,422] INFO [Broker id=1] Leader __consumer_offsets-45 with topic id Some(g0e9KYGlRzOFZpU1OQkQqg) starts at leader epoch 0 from offset 3 with partition epoch 0, high watermark 3, ISR [1], adding replicas [] and removing replicas [] . Previous leader None and previous leader epoch was -1. (state.change.logger)
[2024-03-04 09:39:08,422] INFO [Broker id=1] Leader __consumer_offsets-15 with topic id Some(g0e9KYGlRzOFZpU1OQkQqg) starts at leader epoch 0 from offset 0 with partition epoch 0, high watermark 0, ISR [1], adding replicas [] and removing replicas [] . Previous leader None and previous leader epoch was -1. (state.change.logger)
[2024-03-04 09:39:08,425] INFO [Broker id=1] Leader __consumer_offsets-30 with topic id Some(g0e9KYGlRzOFZpU1OQkQqg) starts at leader epoch 0 from offset 0 with partition epoch 0, high watermark 0, ISR [1], adding replicas [] and removing replicas [] . Previous leader None and previous leader epoch was -1. (state.change.logger)
[2024-03-04 09:39:08,429] INFO [Broker id=1] Leader __consumer_offsets-0 with topic id Some(g0e9KYGlRzOFZpU1OQkQqg) starts at leader epoch 0 from offset 0 with partition epoch 0, high watermark 0, ISR [1], adding replicas [] and removing replicas [] . Previous leader None and previous leader epoch was -1. (state.change.logger)
[2024-03-04 09:39:08,432] INFO [Broker id=1] Leader __consumer_offsets-35 with topic id Some(g0e9KYGlRzOFZpU1OQkQqg) starts at leader epoch 0 from offset 0 with partition epoch 0, high watermark 0, ISR [1], adding replicas [] and removing replicas [] . Previous leader None and previous leader epoch was -1. (state.change.logger)
[2024-03-04 09:39:08,435] INFO [Broker id=1] Leader __consumer_offsets-5 with topic id Some(g0e9KYGlRzOFZpU1OQkQqg) starts at leader epoch 0 from offset 0 with partition epoch 0, high watermark 0, ISR [1], adding replicas [] and removing replicas [] . Previous leader None and previous leader epoch was -1. (state.change.logger)
[2024-03-04 09:39:08,437] INFO [Broker id=1] Leader __consumer_offsets-20 with topic id Some(g0e9KYGlRzOFZpU1OQkQqg) starts at leader epoch 0 from offset 3 with partition epoch 0, high watermark 3, ISR [1], adding replicas [] and removing replicas [] . Previous leader None and previous leader epoch was -1. (state.change.logger)
[2024-03-04 09:39:08,438] INFO [Broker id=1] Leader __consumer_offsets-27 with topic id Some(g0e9KYGlRzOFZpU1OQkQqg) starts at leader epoch 0 from offset 3 with partition epoch 0, high watermark 3, ISR [1], adding replicas [] and removing replicas [] . Previous leader None and previous leader epoch was -1. (state.change.logger)
[2024-03-04 09:39:08,438] INFO [Broker id=1] Leader __consumer_offsets-42 with topic id Some(g0e9KYGlRzOFZpU1OQkQqg) starts at leader epoch 0 from offset 3 with partition epoch 0, high watermark 3, ISR [1], adding replicas [] and removing replicas [] . Previous leader None and previous leader epoch was -1. (state.change.logger)
[2024-03-04 09:39:08,438] INFO [Broker id=1] Leader __consumer_offsets-12 with topic id Some(g0e9KYGlRzOFZpU1OQkQqg) starts at leader epoch 0 from offset 307 with partition epoch 0, high watermark 307, ISR [1], adding replicas [] and removing replicas [] . Previous leader None and previous leader epoch was -1. (state.change.logger)
[2024-03-04 09:39:08,438] INFO [Broker id=1] Leader __consumer_offsets-21 with topic id Some(g0e9KYGlRzOFZpU1OQkQqg) starts at leader epoch 0 from offset 0 with partition epoch 0, high watermark 0, ISR [1], adding replicas [] and removing replicas [] . Previous leader None and previous leader epoch was -1. (state.change.logger)
[2024-03-04 09:39:08,441] INFO [Broker id=1] Leader __consumer_offsets-36 with topic id Some(g0e9KYGlRzOFZpU1OQkQqg) starts at leader epoch 0 from offset 0 with partition epoch 0, high watermark 0, ISR [1], adding replicas [] and removing replicas [] . Previous leader None and previous leader epoch was -1. (state.change.logger)
[2024-03-04 09:39:08,443] INFO [Broker id=1] Leader __consumer_offsets-6 with topic id Some(g0e9KYGlRzOFZpU1OQkQqg) starts at leader epoch 0 from offset 0 with partition epoch 0, high watermark 0, ISR [1], adding replicas [] and removing replicas [] . Previous leader None and previous leader epoch was -1. (state.change.logger)
[2024-03-04 09:39:08,445] INFO [Broker id=1] Leader spring_test-0 with topic id Some(1onsOszKS6-FbtFXY5Xayw) starts at leader epoch 0 from offset 0 with partition epoch 0, high watermark 0, ISR [1], adding replicas [] and removing replicas [] . Previous leader None and previous leader epoch was -1. (state.change.logger)
[2024-03-04 09:39:08,449] INFO [Broker id=1] Leader __consumer_offsets-43 with topic id Some(g0e9KYGlRzOFZpU1OQkQqg) starts at leader epoch 0 from offset 0 with partition epoch 0, high watermark 0, ISR [1], adding replicas [] and removing replicas [] . Previous leader None and previous leader epoch was -1. (state.change.logger)
[2024-03-04 09:39:08,451] INFO [Broker id=1] Leader __consumer_offsets-13 with topic id Some(g0e9KYGlRzOFZpU1OQkQqg) starts at leader epoch 0 from offset 0 with partition epoch 0, high watermark 0, ISR [1], adding replicas [] and removing replicas [] . Previous leader None and previous leader epoch was -1. (state.change.logger)
[2024-03-04 09:39:08,453] INFO [Broker id=1] Leader __consumer_offsets-28 with topic id Some(g0e9KYGlRzOFZpU1OQkQqg) starts at leader epoch 0 from offset 0 with partition epoch 0, high watermark 0, ISR [1], adding replicas [] and removing replicas [] . Previous leader None and previous leader epoch was -1. (state.change.logger)
[2024-03-04 09:39:08,455] INFO [Broker id=1] Leader my-topic-0 with topic id Some(qMYgCqpKSW-JEZwpdnTcVw) starts at leader epoch 0 from offset 0 with partition epoch 0, high watermark 0, ISR [1], adding replicas [] and removing replicas [] . Previous leader None and previous leader epoch was -1. (state.change.logger)
[2024-03-04 09:39:08,497] INFO [Broker id=1] Finished LeaderAndIsr request in 197ms correlationId 1 from controller 1 for 54 partitions (state.change.logger)
[2024-03-04 09:39:08,508] INFO [Broker id=1] Add 54 partitions and deleted 0 partitions from metadata cache in response to UpdateMetadata request sent by controller 1 epoch 7 with correlation id 2 (state.change.logger)
[2024-03-04 09:42:32,277] INFO [Controller id=1 epoch=7] Changed partition user_activity-0 state from NonExistentPartition to NewPartition with assigned replicas 1 (state.change.logger)
[2024-03-04 09:42:32,277] INFO [Controller id=1 epoch=7] Sending UpdateMetadata request to brokers HashSet() for 0 partitions (state.change.logger)
[2024-03-04 09:42:32,278] INFO [Controller id=1 epoch=7] Sending UpdateMetadata request to brokers HashSet() for 0 partitions (state.change.logger)
[2024-03-04 09:42:32,287] INFO [Controller id=1 epoch=7] Changed partition user_activity-0 from NewPartition to OnlinePartition with state LeaderAndIsr(leader=1, leaderEpoch=0, isrWithBrokerEpoch=List(BrokerState(brokerId=1, brokerEpoch=-1)), leaderRecoveryState=RECOVERED, partitionEpoch=0) (state.change.logger)
[2024-03-04 09:42:32,287] INFO [Controller id=1 epoch=7] Sending LeaderAndIsr request to broker 1 with 1 become-leader and 0 become-follower partitions (state.change.logger)
[2024-03-04 09:42:32,287] INFO [Controller id=1 epoch=7] Sending UpdateMetadata request to brokers HashSet(1) for 1 partitions (state.change.logger)
[2024-03-04 09:42:32,287] INFO [Controller id=1 epoch=7] Sending UpdateMetadata request to brokers HashSet() for 0 partitions (state.change.logger)
[2024-03-04 09:42:32,288] INFO [Broker id=1] Handling LeaderAndIsr request correlationId 3 from controller 1 for 1 partitions (state.change.logger)
[2024-03-04 09:42:32,288] INFO [Broker id=1] Stopped fetchers as part of LeaderAndIsr request correlationId 3 from controller 1 epoch 7 as part of the become-leader transition for 1 partitions (state.change.logger)
[2024-03-04 09:42:32,297] INFO [Broker id=1] Leader user_activity-0 with topic id Some(86qXtEIJQUqfupCmV_ZNXw) starts at leader epoch 0 from offset 0 with partition epoch 0, high watermark 0, ISR [1], adding replicas [] and removing replicas [] . Previous leader None and previous leader epoch was -1. (state.change.logger)
[2024-03-04 09:42:32,300] INFO [Broker id=1] Finished LeaderAndIsr request in 12ms correlationId 3 from controller 1 for 1 partitions (state.change.logger)
[2024-03-04 09:42:32,301] INFO [Broker id=1] Add 1 partitions and deleted 0 partitions from metadata cache in response to UpdateMetadata request sent by controller 1 epoch 7 with correlation id 4 (state.change.logger)
